<?xml version="1.0" encoding="UTF-8"?>
<!-- Generated by org.testng.reporters.JUnitXMLReporter -->
<testsuite ignored="1" hostname="ShitalGanesh" failures="0" tests="4" name="Test" time="4.008" errors="0" timestamp="2022-08-09T19:23:26 IST">
  <testcase classname="pomTestCasePages.LoginTestcases" name="validateLogin" time="0.777"/>
  <testcase classname="pomTestCasePages.LoginTestcases" name="validateTitle" time="0.018"/>
  <testcase classname="pomTestCasePages.DashboardTest" name="searchSharesTest" time="2.721"/>
  <testcase classname="pomTestCasePages.DashboardTest" name="validateBuyShare" time="0.308"/>
  <testcase classname="pomTestCasePages.BaseTest" name="@BeforeSuite initBrowser" time="0.0">
    <ignored/>
  </testcase> <!-- @BeforeSuite initBrowser -->
</testsuite> <!-- Test -->
