<?xml version="1.0" encoding="UTF-8"?>
<testng-results ignored="1" total="5" passed="4" failed="0" skipped="0">
  <reporter-output>
  </reporter-output>
  <suite started-at="2022-08-09T19:23:22 IST" name="Suite" finished-at="2022-08-09T19:23:26 IST" duration-ms="4008">
    <groups>
    </groups>
    <test started-at="2022-08-09T19:23:22 IST" name="Test" finished-at="2022-08-09T19:23:26 IST" duration-ms="4008">
      <class name="pomTestCasePages.DashboardTest">
        <test-method is-config="true" signature="createObject()[pri:0, instance:pomTestCasePages.DashboardTest@36916eb0]" started-at="2022-08-09T19:23:23 IST" name="createObject" finished-at="2022-08-09T19:23:23 IST" duration-ms="2" status="PASS">
          <reporter-output>
          </reporter-output>
        </test-method> <!-- createObject -->
        <test-method signature="searchSharesTest()[pri:3, instance:pomTestCasePages.DashboardTest@36916eb0]" started-at="2022-08-09T19:23:23 IST" name="searchSharesTest" finished-at="2022-08-09T19:23:26 IST" duration-ms="2721" status="PASS">
          <reporter-output>
          </reporter-output>
        </test-method> <!-- searchSharesTest -->
        <test-method signature="validateBuyShare()[pri:4, instance:pomTestCasePages.DashboardTest@36916eb0]" started-at="2022-08-09T19:23:26 IST" name="validateBuyShare" finished-at="2022-08-09T19:23:26 IST" duration-ms="308" status="PASS">
          <reporter-output>
          </reporter-output>
        </test-method> <!-- validateBuyShare -->
      </class> <!-- pomTestCasePages.DashboardTest -->
      <class name="pomTestCasePages.LoginTestcases">
        <test-method is-config="true" signature="initBrowser()[pri:0, instance:pomTestCasePages.LoginTestcases@729d991e]" started-at="2022-08-09T19:23:14 IST" name="initBrowser" finished-at="2022-08-09T19:23:22 IST" duration-ms="7425" status="PASS">
          <reporter-output>
          </reporter-output>
        </test-method> <!-- initBrowser -->
        <test-method is-config="true" signature="createObject()[pri:0, instance:pomTestCasePages.LoginTestcases@729d991e]" started-at="2022-08-09T19:23:22 IST" name="createObject" finished-at="2022-08-09T19:23:22 IST" duration-ms="81" status="PASS">
          <reporter-output>
          </reporter-output>
        </test-method> <!-- createObject -->
        <test-method signature="validateLogin()[pri:1, instance:pomTestCasePages.LoginTestcases@729d991e]" started-at="2022-08-09T19:23:22 IST" name="validateLogin" finished-at="2022-08-09T19:23:23 IST" duration-ms="777" status="PASS">
          <reporter-output>
          </reporter-output>
        </test-method> <!-- validateLogin -->
        <test-method signature="validateTitle()[pri:2, instance:pomTestCasePages.LoginTestcases@729d991e]" started-at="2022-08-09T19:23:23 IST" name="validateTitle" finished-at="2022-08-09T19:23:23 IST" duration-ms="18" status="PASS">
          <reporter-output>
          </reporter-output>
        </test-method> <!-- validateTitle -->
      </class> <!-- pomTestCasePages.LoginTestcases -->
    </test> <!-- Test -->
  </suite> <!-- Suite -->
</testng-results>
